<?xml version="1.0" encoding="UTF-8"?>
<!-- Generated by org.testng.reporters.JUnitXMLReporter -->
<testsuite ignored="0" hostname="DESKTOP-7H7R95J" failures="0" tests="2" name="UI Automation Test" time="3.583" errors="0" timestamp="2025-12-08T00:15:09 IST">
  <testcase classname="com.ui.test.TestBase" name="@BeforeMethod setup" time="2.877">
    <failure type="org.openqa.selenium.SessionNotCreatedException" message="Could not start a new session. Response code 400. Message: LT01KBX23HK1R57VA6V17CDF306A-L55DM-AP-SOUTH-1: The capability browserName has value browser which is not supported. Supported values are [internet explorer firefox chrome comet MicrosoftEdge safari opera] 
Host info: host: &amp;apos;DESKTOP-7H7R95J&amp;apos;, ip: &amp;apos;172.20.10.2&amp;apos;
Build info: version: &amp;apos;4.29.0&amp;apos;, revision: &amp;apos;5fc1ec94cb&amp;apos;
System info: os.name: &amp;apos;Windows 10&amp;apos;, os.arch: &amp;apos;amd64&amp;apos;, os.version: &amp;apos;10.0&amp;apos;, java.version: &amp;apos;17.0.11&amp;apos;
Driver info: org.openqa.selenium.remote.RemoteWebDriver
Command: [null, newSession {capabilities=[Capabilities {LT:Options: {accessKey: LT_YIwEzXipdsZFoPNcXpZl9nR4..., build: Selenium 4, name: loginTest, platformName: Windows 10, seCdp: true, selenium_version: 4.29.0, user: gdvighe}, browserName: browser, browserVersion: latest}]}]
Capabilities {LT:Options: {accessKey: LT_YIwEzXipdsZFoPNcXpZl9nR4..., build: Selenium 4, name: loginTest, platformName: Windows 10, seCdp: true, selenium_version: 4.29.0, user: gdvighe}, browserName: browser, browserVersion: latest}">
      <![CDATA[org.openqa.selenium.SessionNotCreatedException: Could not start a new session. Response code 400. Message: LT01KBX23HK1R57VA6V17CDF306A-L55DM-AP-SOUTH-1: The capability browserName has value browser which is not supported. Supported values are [internet explorer firefox chrome comet MicrosoftEdge safari opera] 
Host info: host: 'DESKTOP-7H7R95J', ip: '172.20.10.2'
Build info: version: '4.29.0', revision: '5fc1ec94cb'
System info: os.name: 'Windows 10', os.arch: 'amd64', os.version: '10.0', java.version: '17.0.11'
Driver info: org.openqa.selenium.remote.RemoteWebDriver
Command: [null, newSession {capabilities=[Capabilities {LT:Options: {accessKey: LT_YIwEzXipdsZFoPNcXpZl9nR4..., build: Selenium 4, name: loginTest, platformName: Windows 10, seCdp: true, selenium_version: 4.29.0, user: gdvighe}, browserName: browser, browserVersion: latest}]}]
Capabilities {LT:Options: {accessKey: LT_YIwEzXipdsZFoPNcXpZl9nR4..., build: Selenium 4, name: loginTest, platformName: Windows 10, seCdp: true, selenium_version: 4.29.0, user: gdvighe}, browserName: browser, browserVersion: latest}
at org.openqa.selenium.remote.ProtocolHandshake.createSession(ProtocolHandshake.java:114)
at org.openqa.selenium.remote.ProtocolHandshake.createSession(ProtocolHandshake.java:75)
at org.openqa.selenium.remote.ProtocolHandshake.createSession(ProtocolHandshake.java:61)
at org.openqa.selenium.remote.HttpCommandExecutor.execute(HttpCommandExecutor.java:187)
at org.openqa.selenium.remote.TracedCommandExecutor.execute(TracedCommandExecutor.java:53)
at org.openqa.selenium.remote.RemoteWebDriver.execute(RemoteWebDriver.java:545)
at org.openqa.selenium.remote.RemoteWebDriver.startSession(RemoteWebDriver.java:245)
at org.openqa.selenium.remote.RemoteWebDriver.<init>(RemoteWebDriver.java:174)
at org.openqa.selenium.remote.RemoteWebDriver.<init>(RemoteWebDriver.java:152)
at com.Utility.LambdaTestUtility.initializeLambdaTestSession(LambdaTestUtility.java:35)
at com.ui.test.TestBase.setup(TestBase.java:31)
at java.base/java.util.concurrent.Executors$RunnableAdapter.call(Executors.java:539)
at java.base/java.util.concurrent.FutureTask.run(FutureTask.java:264)
at java.base/java.util.concurrent.ThreadPoolExecutor.runWorker(ThreadPoolExecutor.java:1136)
at java.base/java.util.concurrent.ThreadPoolExecutor$Worker.run(ThreadPoolExecutor.java:635)
at java.base/java.lang.Thread.run(Thread.java:842)
... Removed 17 stack frames]]>
    </failure>
  </testcase> <!-- @BeforeMethod setup -->
  <testcase classname="com.ui.test.TestBase" name="@AfterMethod tearDown" time="0.0">
    <skipped/>
  </testcase> <!-- @AfterMethod tearDown -->
  <testcase classname="com.ui.test.TestBase" name="@BeforeMethod setup" time="0.0">
    <skipped/>
  </testcase> <!-- @BeforeMethod setup -->
  <testcase classname="com.ui.test.TestBase" name="@AfterMethod tearDown" time="0.0">
    <skipped/>
  </testcase> <!-- @AfterMethod tearDown -->
  <testcase classname="com.ui.test.LoginTest" name="loginTest" time="0.0">
    <skipped/>
  </testcase> <!-- loginTest -->
  <testcase classname="com.ui.test.LoginTest" name="loginTest" time="0.0">
    <skipped/>
  </testcase> <!-- loginTest -->
</testsuite> <!-- UI Automation Test -->
